<?xml version="1.0" encoding="UTF-8"?>
<!-- Generated by org.testng.reporters.JUnitReportReporter -->
<testsuite hostname="DESKTOP-T0QVG84" failures="0" tests="4" name="com.testLib.LoginTest" time="11.203" errors="0" timestamp="2025-10-23T22:17:11 IST" skipped="0">
  <testcase classname="com.testLib.LoginTest" name="verifyLoginPageUIElements" time="4.637"/>
  <testcase classname="com.testLib.LoginTest" name="verifyInvalidLogin" time="1.432"/>
  <testcase classname="com.testLib.LoginTest" name="verifyValidLogin" time="3.679"/>
  <testcase classname="com.testLib.LoginTest" name="verifyEmptyCredentialsLogin" time="1.455"/>
</testsuite> <!-- com.testLib.LoginTest -->
