<?xml version="1.0" encoding="UTF-8"?>
<!-- Generated by org.testng.reporters.JUnitReportReporter -->
<testsuite hostname="DESKTOP-T0QVG84" failures="0" tests="13" name="Java8.EmployeeProcessorTest" time="0.034" errors="0" timestamp="2025-10-23T13:40:06 IST" skipped="0">
  <testcase classname="Java8.EmployeeProcessorTest" name="testEmployeeDataWithDataProvider" time="0.003"/>
  <testcase classname="Java8.EmployeeProcessorTest" name="testEmployeeDataWithDataProvider" time="0.001"/>
  <testcase classname="Java8.EmployeeProcessorTest" name="testFlatMapForSkills" time="0.002"/>
  <testcase classname="Java8.EmployeeProcessorTest" name="testStreamReductionAndStatistics" time="0.006"/>
  <testcase classname="Java8.EmployeeProcessorTest" name="testStreamFiltering" time="0.004"/>
  <testcase classname="Java8.EmployeeProcessorTest" name="testEmployeeSkills" time="0.002"/>
  <testcase classname="Java8.EmployeeProcessorTest" name="testMethodReferences" time="0.001"/>
  <testcase classname="Java8.EmployeeProcessorTest" name="testSortingWithLambdaComparator" time="0.004"/>
  <testcase classname="Java8.EmployeeProcessorTest" name="testEmployeeDataWithDataProvider" time="0.001"/>
  <testcase classname="Java8.EmployeeProcessorTest" name="testLambdaExpressionsWithForEach" time="0.003"/>
  <testcase classname="Java8.EmployeeProcessorTest" name="testStreamMappingAndCollection" time="0.004"/>
  <testcase classname="Java8.EmployeeProcessorTest" name="testEmployeeCreation" time="0.002"/>
  <testcase classname="Java8.EmployeeProcessorTest" name="testEmployeeDataWithDataProvider" time="0.001"/>
</testsuite> <!-- Java8.EmployeeProcessorTest -->
