<?xml version="1.0" encoding="UTF-8"?>
<!-- Generated by org.testng.reporters.JUnitReportReporter -->
<testsuite hostname="DESKTOP-T0QVG84" failures="0" tests="2" name="com.testLib.LoginTest" time="3.217" errors="0" timestamp="2025-10-23T13:40:06 IST" skipped="0">
  <testcase classname="com.testLib.LoginTest" name="verifyInvalidLogin" time="1.948"/>
  <testcase classname="com.testLib.LoginTest" name="verifyValidLogin" time="1.269"/>
</testsuite> <!-- com.testLib.LoginTest -->
